{"/Users/esauocrospoma/Desktop/terminal2/LIM013-card-validation/src/validator.js": {"path":"/Users/esauocrospoma/Desktop/terminal2/LIM013-card-validation/src/validator.js","statementMap":{"0":{"start":{"line":1,"column":18},"end":{"line":51,"column":1}},"1":{"start":{"line":4,"column":14},"end":{"line":4,"column":15}},"2":{"start":{"line":5,"column":4},"end":{"line":22,"column":5}},"3":{"start":{"line":5,"column":16},"end":{"line":5,"column":17}},"4":{"start":{"line":6,"column":18},"end":{"line":6,"column":47}},"5":{"start":{"line":9,"column":6},"end":{"line":19,"column":7}},"6":{"start":{"line":11,"column":8},"end":{"line":11,"column":24}},"7":{"start":{"line":12,"column":8},"end":{"line":17,"column":9}},"8":{"start":{"line":13,"column":24},"end":{"line":13,"column":43}},"9":{"start":{"line":14,"column":24},"end":{"line":14,"column":33}},"10":{"start":{"line":15,"column":10},"end":{"line":15,"column":33}},"11":{"start":{"line":20,"column":6},"end":{"line":20,"column":23}},"12":{"start":{"line":23,"column":2},"end":{"line":27,"column":5}},"13":{"start":{"line":24,"column":6},"end":{"line":24,"column":18}},"14":{"start":{"line":26,"column":6},"end":{"line":26,"column":19}},"15":{"start":{"line":32,"column":21},"end":{"line":32,"column":44}},"16":{"start":{"line":33,"column":16},"end":{"line":33,"column":18}},"17":{"start":{"line":34,"column":2},"end":{"line":46,"column":3}},"18":{"start":{"line":35,"column":4},"end":{"line":42,"column":5}},"19":{"start":{"line":35,"column":16},"end":{"line":35,"column":17}},"20":{"start":{"line":37,"column":6},"end":{"line":41,"column":7}},"21":{"start":{"line":38,"column":8},"end":{"line":38,"column":39}},"22":{"start":{"line":40,"column":8},"end":{"line":40,"column":23}},"23":{"start":{"line":45,"column":4},"end":{"line":45,"column":30}},"24":{"start":{"line":47,"column":2},"end":{"line":47,"column":19}}},"fnMap":{"0":{"name":"(anonymous_0)","decl":{"start":{"line":3,"column":11},"end":{"line":3,"column":12}},"loc":{"start":{"line":3,"column":37},"end":{"line":28,"column":3}},"line":3},"1":{"name":"(anonymous_1)","decl":{"start":{"line":31,"column":9},"end":{"line":31,"column":10}},"loc":{"start":{"line":31,"column":35},"end":{"line":48,"column":1}},"line":31}},"branchMap":{"0":{"loc":{"start":{"line":9,"column":6},"end":{"line":19,"column":7}},"type":"if","locations":[{"start":{"line":9,"column":6},"end":{"line":19,"column":7}},{"start":{"line":9,"column":6},"end":{"line":19,"column":7}}],"line":9},"1":{"loc":{"start":{"line":12,"column":8},"end":{"line":17,"column":9}},"type":"if","locations":[{"start":{"line":12,"column":8},"end":{"line":17,"column":9}},{"start":{"line":12,"column":8},"end":{"line":17,"column":9}}],"line":12},"2":{"loc":{"start":{"line":23,"column":2},"end":{"line":27,"column":5}},"type":"if","locations":[{"start":{"line":23,"column":2},"end":{"line":27,"column":5}},{"start":{"line":23,"column":2},"end":{"line":27,"column":5}}],"line":23},"3":{"loc":{"start":{"line":34,"column":2},"end":{"line":46,"column":3}},"type":"if","locations":[{"start":{"line":34,"column":2},"end":{"line":46,"column":3}},{"start":{"line":34,"column":2},"end":{"line":46,"column":3}}],"line":34},"4":{"loc":{"start":{"line":37,"column":6},"end":{"line":41,"column":7}},"type":"if","locations":[{"start":{"line":37,"column":6},"end":{"line":41,"column":7}},{"start":{"line":37,"column":6},"end":{"line":41,"column":7}}],"line":37}},"s":{"0":1,"1":3,"2":3,"3":3,"4":42,"5":42,"6":21,"7":21,"8":14,"9":14,"10":14,"11":42,"12":3,"13":2,"14":1,"15":3,"16":3,"17":3,"18":2,"19":2,"20":26,"21":8,"22":18,"23":1,"24":3},"f":{"0":3,"1":3},"b":{"0":[21,21],"1":[14,7],"2":[2,1],"3":[2,1],"4":[8,18]},"_coverageSchema":"43e27e138ebf9cfc5966b082cf9a028302ed4184","hash":"0dc0e61c989dc2fa3c84554c126a47219e69d92d"}
}
