TN:
SF:/Users/esauocrospoma/Desktop/terminal2/LIM013-card-validation/src/validator.js
FN:3,(anonymous_0)
FN:31,(anonymous_1)
FNF:2
FNH:2
FNDA:3,(anonymous_0)
FNDA:3,(anonymous_1)
DA:1,1
DA:4,3
DA:5,3
DA:6,42
DA:9,42
DA:11,21
DA:12,21
DA:13,14
DA:14,14
DA:15,14
DA:20,42
DA:23,3
DA:24,2
DA:26,1
DA:32,3
DA:33,3
DA:34,3
DA:35,2
DA:37,26
DA:38,8
DA:40,18
DA:45,1
DA:47,3
LF:23
LH:23
BRDA:9,0,0,21
BRDA:9,0,1,21
BRDA:12,1,0,14
BRDA:12,1,1,7
BRDA:23,2,0,2
BRDA:23,2,1,1
BRDA:34,3,0,2
BRDA:34,3,1,1
BRDA:37,4,0,8
BRDA:37,4,1,18
BRF:10
BRH:10
end_of_record
